<?xml version="1.0" encoding="UTF-8"?>
<!-- Generated by org.testng.reporters.JUnitXMLReporter -->
<testsuite hostname="chetan-PC" ignored="0" name="Default test" tests="4" failures="0" timestamp="29 Dec 2018 12:12:18 GMT" time="88.127" errors="0">
  <testcase name="verifySalesPersonsTittle" time="0.033" classname="com.test.testcases.SalesPersonsPageTest"/>
  <testcase name="salesPersonsPageData" time="0.464" classname="com.test.testcases.SalesPersonsPageTest"/>
  <testcase name="salesPersonsPageData" time="0.353" classname="com.test.testcases.SalesPersonsPageTest"/>
  <testcase name="backBtnTest" time="0.117" classname="com.test.testcases.SalesPersonsPageTest"/>
</testsuite> <!-- Default test -->
