<?xml version="1.0" encoding="UTF-8"?>
<!-- Generated by org.testng.reporters.JUnitXMLReporter -->
<testsuite hostname="chetan-PC" ignored="0" name="Front Accounting TestCases" tests="4" failures="2" timestamp="30 Dec 2018 15:37:33 GMT" time="93.035" errors="0">
  <testcase name="loginTitleTest" time="0.04" classname="com.test.testcases.LoginPageTest"/>
  <testcase name="verifyHomePageTitleTest" time="0.03" classname="com.test.testcases.HomePageTest"/>
  <testcase name="verifySalesTypesTittle" time="0.014" classname="com.test.testcases.SalesTypesPageTest">
    <failure type="java.lang.AssertionError" message="expected [Sales ypes] but found [Sales Types]">
      <![CDATA[java.lang.AssertionError: expected [Sales ypes] but found [Sales Types]
at com.test.testcases.SalesTypesPageTest.verifySalesTypesTittle(SalesTypesPageTest.java:54)
... Removed 31 stack frames]]>
    </failure>
  </testcase> <!-- verifySalesTypesTittle -->
  <testcase name="verifySalesPersonsTittle" time="0.019" classname="com.test.testcases.SalesPersonsPageTest">
    <failure type="java.lang.AssertionError" message="expected [Sals Persons] but found [Sales Persons]">
      <![CDATA[java.lang.AssertionError: expected [Sals Persons] but found [Sales Persons]
at com.test.testcases.SalesPersonsPageTest.verifySalesPersonsTittle(SalesPersonsPageTest.java:48)
... Removed 31 stack frames]]>
    </failure>
  </testcase> <!-- verifySalesPersonsTittle -->
</testsuite> <!-- Front Accounting TestCases -->
