<?xml version="1.0" encoding="UTF-8"?>
<testng-results skipped="4" failed="0" total="6" passed="2">
  <reporter-output>
  </reporter-output>
  <suite name="Default suite" duration-ms="138989" started-at="2019-01-01T13:14:51Z" finished-at="2019-01-01T13:17:10Z">
    <groups>
    </groups>
    <test name="Default test" duration-ms="138989" started-at="2019-01-01T13:14:51Z" finished-at="2019-01-01T13:17:10Z">
      <class name="com.test.testcases.HomePageTest">
        <test-method status="PASS" signature="setUp()[pri:0, instance:com.test.testcases.HomePageTest@475530b9]" name="setUp" is-config="true" duration-ms="48620" started-at="2019-01-01T05:14:51Z" finished-at="2019-01-01T05:15:40Z">
          <reporter-output>
          </reporter-output>
        </test-method> <!-- setUp -->
        <test-method status="PASS" signature="verifyHomePageTitleTest()[pri:0, instance:com.test.testcases.HomePageTest@475530b9]" name="verifyHomePageTitleTest" duration-ms="352" started-at="2019-01-01T05:15:40Z" finished-at="2019-01-01T05:15:40Z">
          <reporter-output>
          </reporter-output>
        </test-method> <!-- verifyHomePageTitleTest -->
        <test-method status="PASS" signature="tearDown()[pri:0, instance:com.test.testcases.HomePageTest@475530b9]" name="tearDown" is-config="true" duration-ms="16774" started-at="2019-01-01T05:15:40Z" finished-at="2019-01-01T05:15:57Z">
          <reporter-output>
          </reporter-output>
        </test-method> <!-- tearDown -->
        <test-method status="PASS" signature="setUp()[pri:0, instance:com.test.testcases.HomePageTest@475530b9]" name="setUp" is-config="true" duration-ms="31534" started-at="2019-01-01T05:15:57Z" finished-at="2019-01-01T05:16:29Z">
          <reporter-output>
          </reporter-output>
        </test-method> <!-- setUp -->
        <test-method status="PASS" signature="verifyPurchaseLinkTest()[pri:0, instance:com.test.testcases.HomePageTest@475530b9]" name="verifyPurchaseLinkTest" duration-ms="670" started-at="2019-01-01T05:16:29Z" finished-at="2019-01-01T05:16:29Z">
          <reporter-output>
          </reporter-output>
        </test-method> <!-- verifyPurchaseLinkTest -->
        <test-method status="PASS" signature="tearDown()[pri:0, instance:com.test.testcases.HomePageTest@475530b9]" name="tearDown" is-config="true" duration-ms="16063" started-at="2019-01-01T05:16:29Z" finished-at="2019-01-01T05:16:45Z">
          <reporter-output>
          </reporter-output>
        </test-method> <!-- tearDown -->
        <test-method status="FAIL" signature="setUp()[pri:0, instance:com.test.testcases.HomePageTest@475530b9]" name="setUp" is-config="true" duration-ms="0" started-at="2019-01-01T05:16:45Z" finished-at="2019-01-01T05:16:45Z">
          <exception class="org.openqa.selenium.TimeoutException">
            <message>
              <![CDATA[timeout
  (Session info: chrome=71.0.3578.98)
  (Driver info: chromedriver=2.45.615291 (ec3682e3c9061c10f26ea9e5cdcf3c53f3f74387),platform=Windows NT 6.1.7601 SP1 x86_64) (WARNING: The server did not provide any stacktrace information)
Command duration or timeout: 0 milliseconds
Build info: version: '3.141.59', revision: 'e82be7d358', time: '2018-11-14T08:17:03'
System info: host: 'CHETAN-PC', ip: '192.168.43.78', os.name: 'Windows 7', os.arch: 'amd64', os.version: '6.1', java.version: '1.8.0_171'
Driver info: org.openqa.selenium.chrome.ChromeDriver
Capabilities {acceptInsecureCerts: false, acceptSslCerts: false, applicationCacheEnabled: false, browserConnectionEnabled: false, browserName: chrome, chrome: {chromedriverVersion: 2.45.615291 (ec3682e3c9061c..., userDataDir: C:\Users\chetan\AppData\Loc...}, cssSelectorsEnabled: true, databaseEnabled: false, goog:chromeOptions: {debuggerAddress: localhost:50414}, handlesAlerts: true, hasTouchScreen: false, javascriptEnabled: true, locationContextEnabled: true, mobileEmulationEnabled: false, nativeEvents: true, networkConnectionEnabled: false, pageLoadStrategy: normal, platform: XP, platformName: XP, proxy: Proxy(), rotatable: false, setWindowRect: true, strictFileInteractability: false, takesHeapSnapshot: true, takesScreenshot: true, timeouts: {implicit: 0, pageLoad: 300000, script: 30000}, unexpectedAlertBehaviour: ignore, unhandledPromptBehavior: ignore, version: 71.0.3578.98, webStorageEnabled: true}
Session ID: 96748b14b1729fdebba107fc88c661c6]]>
            </message>
            <full-stacktrace>
              <![CDATA[org.openqa.selenium.TimeoutException: timeout
  (Session info: chrome=71.0.3578.98)
  (Driver info: chromedriver=2.45.615291 (ec3682e3c9061c10f26ea9e5cdcf3c53f3f74387),platform=Windows NT 6.1.7601 SP1 x86_64) (WARNING: The server did not provide any stacktrace information)
Command duration or timeout: 0 milliseconds
Build info: version: '3.141.59', revision: 'e82be7d358', time: '2018-11-14T08:17:03'
System info: host: 'CHETAN-PC', ip: '192.168.43.78', os.name: 'Windows 7', os.arch: 'amd64', os.version: '6.1', java.version: '1.8.0_171'
Driver info: org.openqa.selenium.chrome.ChromeDriver
Capabilities {acceptInsecureCerts: false, acceptSslCerts: false, applicationCacheEnabled: false, browserConnectionEnabled: false, browserName: chrome, chrome: {chromedriverVersion: 2.45.615291 (ec3682e3c9061c..., userDataDir: C:\Users\chetan\AppData\Loc...}, cssSelectorsEnabled: true, databaseEnabled: false, goog:chromeOptions: {debuggerAddress: localhost:50414}, handlesAlerts: true, hasTouchScreen: false, javascriptEnabled: true, locationContextEnabled: true, mobileEmulationEnabled: false, nativeEvents: true, networkConnectionEnabled: false, pageLoadStrategy: normal, platform: XP, platformName: XP, proxy: Proxy(), rotatable: false, setWindowRect: true, strictFileInteractability: false, takesHeapSnapshot: true, takesScreenshot: true, timeouts: {implicit: 0, pageLoad: 300000, script: 30000}, unexpectedAlertBehaviour: ignore, unhandledPromptBehavior: ignore, version: 71.0.3578.98, webStorageEnabled: true}
Session ID: 96748b14b1729fdebba107fc88c661c6
	at sun.reflect.NativeConstructorAccessorImpl.newInstance0(Native Method)
	at sun.reflect.NativeConstructorAccessorImpl.newInstance(NativeConstructorAccessorImpl.java:62)
	at sun.reflect.DelegatingConstructorAccessorImpl.newInstance(DelegatingConstructorAccessorImpl.java:45)
	at java.lang.reflect.Constructor.newInstance(Constructor.java:423)
	at org.openqa.selenium.remote.ErrorHandler.createThrowable(ErrorHandler.java:214)
	at org.openqa.selenium.remote.ErrorHandler.throwIfResponseFailed(ErrorHandler.java:166)
	at org.openqa.selenium.remote.http.JsonHttpResponseCodec.reconstructValue(JsonHttpResponseCodec.java:40)
	at org.openqa.selenium.remote.http.AbstractHttpResponseCodec.decode(AbstractHttpResponseCodec.java:80)
	at org.openqa.selenium.remote.http.AbstractHttpResponseCodec.decode(AbstractHttpResponseCodec.java:44)
	at org.openqa.selenium.remote.HttpCommandExecutor.execute(HttpCommandExecutor.java:158)
	at org.openqa.selenium.remote.service.DriverCommandExecutor.execute(DriverCommandExecutor.java:83)
	at org.openqa.selenium.remote.RemoteWebDriver.execute(RemoteWebDriver.java:552)
	at org.openqa.selenium.remote.RemoteWebDriver.get(RemoteWebDriver.java:277)
	at sun.reflect.NativeMethodAccessorImpl.invoke0(Native Method)
	at sun.reflect.NativeMethodAccessorImpl.invoke(NativeMethodAccessorImpl.java:62)
	at sun.reflect.DelegatingMethodAccessorImpl.invoke(DelegatingMethodAccessorImpl.java:43)
	at java.lang.reflect.Method.invoke(Method.java:498)
	at org.openqa.selenium.support.events.EventFiringWebDriver.lambda$new$1(EventFiringWebDriver.java:105)
	at com.sun.proxy.$Proxy7.get(Unknown Source)
	at org.openqa.selenium.support.events.EventFiringWebDriver.get(EventFiringWebDriver.java:165)
	at com.test.testbase.TestBase.initialization(TestBase.java:79)
	at com.test.testcases.HomePageTest.setUp(HomePageTest.java:36)
	at sun.reflect.NativeMethodAccessorImpl.invoke0(Native Method)
	at sun.reflect.NativeMethodAccessorImpl.invoke(NativeMethodAccessorImpl.java:62)
	at sun.reflect.DelegatingMethodAccessorImpl.invoke(DelegatingMethodAccessorImpl.java:43)
	at java.lang.reflect.Method.invoke(Method.java:498)
	at org.testng.internal.MethodInvocationHelper.invokeMethod(MethodInvocationHelper.java:80)
	at org.testng.internal.Invoker.invokeConfigurationMethod(Invoker.java:564)
	at org.testng.internal.Invoker.invokeConfigurations(Invoker.java:213)
	at org.testng.internal.Invoker.invokeMethod(Invoker.java:653)
	at org.testng.internal.Invoker.invokeTestMethod(Invoker.java:901)
	at org.testng.internal.Invoker.invokeTestMethods(Invoker.java:1231)
	at org.testng.internal.TestMethodWorker.invokeTestMethods(TestMethodWorker.java:127)
	at org.testng.internal.TestMethodWorker.run(TestMethodWorker.java:111)
	at org.testng.TestRunner.privateRun(TestRunner.java:767)
	at org.testng.TestRunner.run(TestRunner.java:617)
	at org.testng.SuiteRunner.runTest(SuiteRunner.java:334)
	at org.testng.SuiteRunner.runSequentially(SuiteRunner.java:329)
	at org.testng.SuiteRunner.privateRun(SuiteRunner.java:291)
	at org.testng.SuiteRunner.run(SuiteRunner.java:240)
	at org.testng.SuiteRunnerWorker.runSuite(SuiteRunnerWorker.java:52)
	at org.testng.SuiteRunnerWorker.run(SuiteRunnerWorker.java:86)
	at org.testng.TestNG.runSuitesSequentially(TestNG.java:1198)
	at org.testng.TestNG.runSuitesLocally(TestNG.java:1123)
	at org.testng.TestNG.run(TestNG.java:1031)
	at org.testng.remote.AbstractRemoteTestNG.run(AbstractRemoteTestNG.java:114)
	at org.testng.remote.RemoteTestNG.initAndRun(RemoteTestNG.java:251)
	at org.testng.remote.RemoteTestNG.main(RemoteTestNG.java:77)
]]>
            </full-stacktrace>
          </exception> <!-- org.openqa.selenium.TimeoutException -->
          <reporter-output>
          </reporter-output>
        </test-method> <!-- setUp -->
        <test-method status="SKIP" signature="verifytestAndInventoryTest()[pri:0, instance:com.test.testcases.HomePageTest@475530b9]" name="verifytestAndInventoryTest" duration-ms="1" started-at="2019-01-01T05:17:10Z" finished-at="2019-01-01T05:17:10Z">
          <reporter-output>
          </reporter-output>
        </test-method> <!-- verifytestAndInventoryTest -->
        <test-method status="SKIP" signature="tearDown()[pri:0, instance:com.test.testcases.HomePageTest@475530b9]" name="tearDown" is-config="true" duration-ms="0" started-at="2019-01-01T05:17:10Z" finished-at="2019-01-01T05:17:10Z">
          <reporter-output>
          </reporter-output>
        </test-method> <!-- tearDown -->
        <test-method status="SKIP" signature="setUp()[pri:0, instance:com.test.testcases.HomePageTest@475530b9]" name="setUp" is-config="true" duration-ms="0" started-at="2019-01-01T05:17:10Z" finished-at="2019-01-01T05:17:10Z">
          <reporter-output>
          </reporter-output>
        </test-method> <!-- setUp -->
        <test-method status="SKIP" signature="verifyManufacturingLinkTest()[pri:0, instance:com.test.testcases.HomePageTest@475530b9]" name="verifyManufacturingLinkTest" duration-ms="1" started-at="2019-01-01T05:17:10Z" finished-at="2019-01-01T05:17:10Z">
          <reporter-output>
          </reporter-output>
        </test-method> <!-- verifyManufacturingLinkTest -->
        <test-method status="SKIP" signature="tearDown()[pri:0, instance:com.test.testcases.HomePageTest@475530b9]" name="tearDown" is-config="true" duration-ms="0" started-at="2019-01-01T05:17:10Z" finished-at="2019-01-01T05:17:10Z">
          <reporter-output>
          </reporter-output>
        </test-method> <!-- tearDown -->
        <test-method status="SKIP" signature="setUp()[pri:0, instance:com.test.testcases.HomePageTest@475530b9]" name="setUp" is-config="true" duration-ms="0" started-at="2019-01-01T05:17:10Z" finished-at="2019-01-01T05:17:10Z">
          <reporter-output>
          </reporter-output>
        </test-method> <!-- setUp -->
        <test-method status="SKIP" signature="verifyFixedAssetLinkLinkTest()[pri:0, instance:com.test.testcases.HomePageTest@475530b9]" name="verifyFixedAssetLinkLinkTest" duration-ms="1" started-at="2019-01-01T05:17:10Z" finished-at="2019-01-01T05:17:10Z">
          <reporter-output>
          </reporter-output>
        </test-method> <!-- verifyFixedAssetLinkLinkTest -->
        <test-method status="SKIP" signature="tearDown()[pri:0, instance:com.test.testcases.HomePageTest@475530b9]" name="tearDown" is-config="true" duration-ms="0" started-at="2019-01-01T05:17:10Z" finished-at="2019-01-01T05:17:10Z">
          <reporter-output>
          </reporter-output>
        </test-method> <!-- tearDown -->
        <test-method status="SKIP" signature="setUp()[pri:0, instance:com.test.testcases.HomePageTest@475530b9]" name="setUp" is-config="true" duration-ms="0" started-at="2019-01-01T05:17:10Z" finished-at="2019-01-01T05:17:10Z">
          <reporter-output>
          </reporter-output>
        </test-method> <!-- setUp -->
        <test-method status="SKIP" signature="clickOnSalesQuotationEntryPage()[pri:0, instance:com.test.testcases.HomePageTest@475530b9]" name="clickOnSalesQuotationEntryPage" duration-ms="1" started-at="2019-01-01T05:17:10Z" finished-at="2019-01-01T05:17:10Z">
          <reporter-output>
          </reporter-output>
        </test-method> <!-- clickOnSalesQuotationEntryPage -->
        <test-method status="SKIP" signature="tearDown()[pri:0, instance:com.test.testcases.HomePageTest@475530b9]" name="tearDown" is-config="true" duration-ms="0" started-at="2019-01-01T05:17:10Z" finished-at="2019-01-01T05:17:10Z">
          <reporter-output>
          </reporter-output>
        </test-method> <!-- tearDown -->
      </class> <!-- com.test.testcases.HomePageTest -->
    </test> <!-- Default test -->
  </suite> <!-- Default suite -->
</testng-results>
