<?xml version="1.0" encoding="UTF-8"?>
<testng-results skipped="0" failed="1" ignored="0" total="6" passed="5">
  <reporter-output>
  </reporter-output>
  <suite name="Default suite" duration-ms="80117" started-at="2018-12-28T11:36:48Z" finished-at="2018-12-28T11:38:08Z">
    <groups>
    </groups>
    <test name="Default test" duration-ms="80117" started-at="2018-12-28T11:36:48Z" finished-at="2018-12-28T11:38:08Z">
      <class name="com.test.testcases.SalesTypesPageTest">
        <test-method status="PASS" signature="setUp()[pri:0, instance:com.test.testcases.SalesTypesPageTest@598067a5]" name="setUp" is-config="true" duration-ms="14422" started-at="2018-12-28T11:36:48Z" finished-at="2018-12-28T11:37:02Z">
          <reporter-output>
          </reporter-output>
        </test-method> <!-- setUp -->
        <test-method status="PASS" signature="verifySalesTypeName()[pri:0, instance:com.test.testcases.SalesTypesPageTest@598067a5]" name="verifySalesTypeName" duration-ms="10" started-at="2018-12-28T11:37:02Z" finished-at="2018-12-28T11:37:02Z">
          <reporter-output>
          </reporter-output>
        </test-method> <!-- verifySalesTypeName -->
        <test-method status="PASS" signature="tearDown()[pri:0, instance:com.test.testcases.SalesTypesPageTest@598067a5]" name="tearDown" is-config="true" duration-ms="627" started-at="2018-12-28T11:37:02Z" finished-at="2018-12-28T11:37:03Z">
          <reporter-output>
          </reporter-output>
        </test-method> <!-- tearDown -->
        <test-method status="PASS" signature="setUp()[pri:0, instance:com.test.testcases.SalesTypesPageTest@598067a5]" name="setUp" is-config="true" duration-ms="11840" started-at="2018-12-28T11:37:03Z" finished-at="2018-12-28T11:37:14Z">
          <reporter-output>
          </reporter-output>
        </test-method> <!-- setUp -->
        <test-method status="FAIL" signature="verifySalesTypesTittle()[pri:0, instance:com.test.testcases.SalesTypesPageTest@598067a5]" name="verifySalesTypesTittle" duration-ms="22" started-at="2018-12-28T11:37:14Z" finished-at="2018-12-28T11:37:14Z">
          <exception class="java.lang.AssertionError">
            <message>
              <![CDATA[expected [Sals Types] but found [Sales Types]]]>
            </message>
            <full-stacktrace>
              <![CDATA[java.lang.AssertionError: expected [Sals Types] but found [Sales Types]
at org.testng.Assert.fail(Assert.java:96)
at org.testng.Assert.failNotEquals(Assert.java:776)
at org.testng.Assert.assertEqualsImpl(Assert.java:137)
at org.testng.Assert.assertEquals(Assert.java:118)
at org.testng.Assert.assertEquals(Assert.java:453)
at org.testng.Assert.assertEquals(Assert.java:463)
at com.test.testcases.SalesTypesPageTest.verifySalesTypesTittle(SalesTypesPageTest.java:51)
at sun.reflect.NativeMethodAccessorImpl.invoke0(Native Method)
at sun.reflect.NativeMethodAccessorImpl.invoke(NativeMethodAccessorImpl.java:62)
at sun.reflect.DelegatingMethodAccessorImpl.invoke(DelegatingMethodAccessorImpl.java:43)
at java.lang.reflect.Method.invoke(Method.java:498)
at org.testng.internal.MethodInvocationHelper.invokeMethod(MethodInvocationHelper.java:124)
at org.testng.internal.Invoker.invokeMethod(Invoker.java:580)
at org.testng.internal.Invoker.invokeTestMethod(Invoker.java:716)
at org.testng.internal.Invoker.invokeTestMethods(Invoker.java:988)
at org.testng.internal.TestMethodWorker.invokeTestMethods(TestMethodWorker.java:125)
at org.testng.internal.TestMethodWorker.run(TestMethodWorker.java:109)
at org.testng.TestRunner.privateRun(TestRunner.java:648)
at org.testng.TestRunner.run(TestRunner.java:505)
at org.testng.SuiteRunner.runTest(SuiteRunner.java:455)
at org.testng.SuiteRunner.runSequentially(SuiteRunner.java:450)
at org.testng.SuiteRunner.privateRun(SuiteRunner.java:415)
at org.testng.SuiteRunner.run(SuiteRunner.java:364)
at org.testng.SuiteRunnerWorker.runSuite(SuiteRunnerWorker.java:52)
at org.testng.SuiteRunnerWorker.run(SuiteRunnerWorker.java:84)
at org.testng.TestNG.runSuitesSequentially(TestNG.java:1208)
at org.testng.TestNG.runSuitesLocally(TestNG.java:1137)
at org.testng.TestNG.runSuites(TestNG.java:1049)
at org.testng.TestNG.run(TestNG.java:1017)
at org.testng.remote.AbstractRemoteTestNG.run(AbstractRemoteTestNG.java:114)
at org.testng.remote.RemoteTestNG.initAndRun(RemoteTestNG.java:251)
at org.testng.remote.RemoteTestNG.main(RemoteTestNG.java:77)
]]>
            </full-stacktrace>
          </exception> <!-- java.lang.AssertionError -->
          <reporter-output>
          </reporter-output>
        </test-method> <!-- verifySalesTypesTittle -->
        <test-method status="PASS" signature="tearDown()[pri:0, instance:com.test.testcases.SalesTypesPageTest@598067a5]" name="tearDown" is-config="true" duration-ms="640" started-at="2018-12-28T11:37:14Z" finished-at="2018-12-28T11:37:15Z">
          <reporter-output>
          </reporter-output>
        </test-method> <!-- tearDown -->
        <test-method status="PASS" signature="setUp()[pri:0, instance:com.test.testcases.SalesTypesPageTest@598067a5]" name="setUp" is-config="true" duration-ms="11037" started-at="2018-12-28T11:37:17Z" finished-at="2018-12-28T11:37:28Z">
          <reporter-output>
          </reporter-output>
        </test-method> <!-- setUp -->
        <test-method status="PASS" signature="LoginPageDataTest(java.lang.String, java.lang.String)[pri:2, instance:com.test.testcases.SalesTypesPageTest@598067a5]" name="LoginPageDataTest" duration-ms="440" started-at="2018-12-28T11:37:28Z" data-provider="loginData" finished-at="2018-12-28T11:37:29Z">
          <params>
            <param index="0">
              <value>
                <![CDATA[Retail]]>
              </value>
            </param>
            <param index="1">
              <value>
                <![CDATA[1.3]]>
              </value>
            </param>
          </params>
          <reporter-output>
          </reporter-output>
        </test-method> <!-- LoginPageDataTest -->
        <test-method status="PASS" signature="tearDown()[pri:0, instance:com.test.testcases.SalesTypesPageTest@598067a5]" name="tearDown" is-config="true" duration-ms="610" started-at="2018-12-28T11:37:29Z" finished-at="2018-12-28T11:37:29Z">
          <reporter-output>
          </reporter-output>
        </test-method> <!-- tearDown -->
        <test-method status="PASS" signature="setUp()[pri:0, instance:com.test.testcases.SalesTypesPageTest@598067a5]" name="setUp" is-config="true" duration-ms="9359" started-at="2018-12-28T11:37:29Z" finished-at="2018-12-28T11:37:39Z">
          <reporter-output>
          </reporter-output>
        </test-method> <!-- setUp -->
        <test-method status="PASS" signature="LoginPageDataTest(java.lang.String, java.lang.String)[pri:2, instance:com.test.testcases.SalesTypesPageTest@598067a5]" name="LoginPageDataTest" duration-ms="603" started-at="2018-12-28T11:37:39Z" data-provider="loginData" finished-at="2018-12-28T11:37:39Z">
          <params>
            <param index="0">
              <value>
                <![CDATA[B2C]]>
              </value>
            </param>
            <param index="1">
              <value>
                <![CDATA[6.5]]>
              </value>
            </param>
          </params>
          <reporter-output>
          </reporter-output>
        </test-method> <!-- LoginPageDataTest -->
        <test-method status="PASS" signature="tearDown()[pri:0, instance:com.test.testcases.SalesTypesPageTest@598067a5]" name="tearDown" is-config="true" duration-ms="666" started-at="2018-12-28T11:37:39Z" finished-at="2018-12-28T11:37:40Z">
          <reporter-output>
          </reporter-output>
        </test-method> <!-- tearDown -->
        <test-method status="PASS" signature="setUp()[pri:0, instance:com.test.testcases.SalesTypesPageTest@598067a5]" name="setUp" is-config="true" duration-ms="12643" started-at="2018-12-28T11:37:40Z" finished-at="2018-12-28T11:37:53Z">
          <reporter-output>
          </reporter-output>
        </test-method> <!-- setUp -->
        <test-method status="PASS" signature="LoginPageDataTest(java.lang.String, java.lang.String)[pri:2, instance:com.test.testcases.SalesTypesPageTest@598067a5]" name="LoginPageDataTest" duration-ms="424" started-at="2018-12-28T11:37:53Z" data-provider="loginData" finished-at="2018-12-28T11:37:53Z">
          <params>
            <param index="0">
              <value>
                <![CDATA[5.6]]>
              </value>
            </param>
            <param index="1">
              <value>
                <![CDATA[BGDAD]]>
              </value>
            </param>
          </params>
          <reporter-output>
          </reporter-output>
        </test-method> <!-- LoginPageDataTest -->
        <test-method status="PASS" signature="tearDown()[pri:0, instance:com.test.testcases.SalesTypesPageTest@598067a5]" name="tearDown" is-config="true" duration-ms="609" started-at="2018-12-28T11:37:53Z" finished-at="2018-12-28T11:37:54Z">
          <reporter-output>
          </reporter-output>
        </test-method> <!-- tearDown -->
        <test-method status="PASS" signature="setUp()[pri:0, instance:com.test.testcases.SalesTypesPageTest@598067a5]" name="setUp" is-config="true" duration-ms="12730" started-at="2018-12-28T11:37:54Z" finished-at="2018-12-28T11:38:07Z">
          <reporter-output>
          </reporter-output>
        </test-method> <!-- setUp -->
        <test-method status="PASS" signature="LoginPageDataTest(java.lang.String, java.lang.String)[pri:2, instance:com.test.testcases.SalesTypesPageTest@598067a5]" name="LoginPageDataTest" duration-ms="453" started-at="2018-12-28T11:38:07Z" data-provider="loginData" finished-at="2018-12-28T11:38:07Z">
          <params>
            <param index="0">
              <value>
                <![CDATA[       ]]>
              </value>
            </param>
            <param index="1">
              <value>
                <![CDATA[        ]]>
              </value>
            </param>
          </params>
          <reporter-output>
          </reporter-output>
        </test-method> <!-- LoginPageDataTest -->
        <test-method status="PASS" signature="tearDown()[pri:0, instance:com.test.testcases.SalesTypesPageTest@598067a5]" name="tearDown" is-config="true" duration-ms="629" started-at="2018-12-28T11:38:07Z" finished-at="2018-12-28T11:38:08Z">
          <reporter-output>
          </reporter-output>
        </test-method> <!-- tearDown -->
      </class> <!-- com.test.testcases.SalesTypesPageTest -->
    </test> <!-- Default test -->
  </suite> <!-- Default suite -->
</testng-results>
